Dispatcher running for Orb ID: 63

segment size for latest waypoint co-ord data struct=48
 shared memory initialized successfully
 init spu utils successful
acquiring lock on gps struct before updating  m ship positions
dispatcher gotIP
debug flags are 0

errorValue=0.003882
errorValue=-0.006221
errorValue=-0.014639
errorValue=-0.024322
errorValue=-0.036202
errorValue=-0.045911
errorValue=-0.052517
errorValue=-0.056625
errorValue=-0.065073
errorValue=-0.073271
errorValue=-0.076104
errorValue=-0.076976
errorValue=-0.089196
errorValue=-0.106054
errorValue=-0.124501
errorValue=-0.136533
errorValue=-0.148349
errorValue=-0.174552
errorValue=-0.200737
errorValue=-0.220662
errorValue=-0.235012
errorValue=-0.248932
errorValue=-0.273606
errorValue=-0.298668
errorValue=-0.319088
errorValue=-0.333749
errorValue=-0.345387
errorValue=-0.358997
errorValue=-0.375929
errorValue=-0.392464
errorValue=-0.401600
errorValue=-0.408862
errorValue=-0.421772
errorValue=-0.435761
errorValue=-0.444629
errorValue=-0.446682
errorValue=-0.448356
errorValue=-0.455598
errorValue=-0.464593
errorValue=-0.466343
errorValue=-0.465274
errorValue=-0.468271
errorValue=-0.479927
errorValue=-0.495088
errorValue=-0.507130
errorValue=-0.516462
errorValue=-0.532018
errorValue=-0.554828
errorValue=-0.576900
errorValue=-0.596428
errorValue=-0.615677
errorValue=-0.640570
errorValue=-0.661746
errorValue=-0.679883
errorValue=-0.697713
errorValue=-0.712408
errorValue=-0.722073
errorValue=-0.728414
errorValue=-0.730310
errorValue=-0.727979
errorValue=-0.721962
errorValue=-0.712586
errorValue=-0.701966
errorValue=-0.690832
errorValue=-0.680187
errorValue=-0.672049
errorValue=-0.666218
errorValue=-0.665658
errorValue=-0.668511
errorValue=-0.673693
errorValue=-0.682215
errorValue=-0.692194
errorValue=-0.704402
errorValue=-0.717608
errorValue=-0.730949
errorValue=-0.742306
errorValue=-0.752774
errorValue=-0.759840
errorValue=-0.762384
errorValue=-0.761511
errorValue=-0.756826
errorValue=-0.748142
errorValue=-0.736974
errorValue=-0.725832
errorValue=-0.715064
errorValue=-0.705719
errorValue=-0.695239
errorValue=-0.686627
errorValue=-0.679558
errorValue=-0.673198
errorValue=-0.667413
errorValue=-0.660835
errorValue=-0.654103
errorValue=-0.644891
errorValue=-0.635716
errorValue=-0.623143
errorValue=-0.609403
errorValue=-0.594567
errorValue=-0.577010
errorValue=-0.558180
errorValue=-0.538684
errorValue=-0.520612
errorValue=-0.500879
errorValue=-0.481484
errorValue=-0.462098
errorValue=-0.447036
errorValue=-0.432112
errorValue=-0.414823
errorValue=-0.398959
errorValue=-0.384956
errorValue=-0.368974
errorValue=-0.344871
errorValue=-0.319256
errorValue=-0.289057
errorValue=-0.254480
errorValue=-0.217686
errorValue=-0.175357
errorValue=-0.135589
errorValue=-0.097883
errorValue=-0.063971
errorValue=-0.028074
errorValue=0.004252
errorValue=0.029073
errorValue=0.047948
errorValue=0.064573
errorValue=0.084955
errorValue=0.103557
errorValue=0.120337
errorValue=0.136525
errorValue=0.162264
errorValue=0.193207
errorValue=0.228082
errorValue=0.265319
errorValue=0.301385
errorValue=0.340347
errorValue=0.377388
errorValue=0.410615
errorValue=0.438626
errorValue=0.462895
errorValue=0.479023
errorValue=0.488739
errorValue=0.493353
errorValue=0.493630
errorValue=0.490833
errorValue=0.486411
errorValue=0.486339
errorValue=0.487567
errorValue=0.495728
errorValue=0.509296
errorValue=0.526141
errorValue=0.548832
errorValue=0.570098
errorValue=0.589447
errorValue=0.604967
errorValue=0.615819
errorValue=0.618760
errorValue=0.616142
errorValue=0.609530
errorValue=0.599035
errorValue=0.584939
errorValue=0.568800
errorValue=0.552812
errorValue=0.539745
errorValue=0.530357
errorValue=0.524029
errorValue=0.520903
errorValue=0.520161
errorValue=0.519490
errorValue=0.517192
errorValue=0.510643
errorValue=0.499796
errorValue=0.485780
errorValue=0.469259
errorValue=0.449824
errorValue=0.428639
errorValue=0.407693
errorValue=0.387551
errorValue=0.370493
errorValue=0.357881
errorValue=0.347102
errorValue=0.341180
errorValue=0.337053
errorValue=0.332679
errorValue=0.326713
errorValue=0.317167
errorValue=0.304184
errorValue=0.286400
errorValue=0.263941
errorValue=0.235936
errorValue=0.206015
errorValue=0.176184
errorValue=0.146860
errorValue=0.119814
errorValue=0.097233
errorValue=0.081594
errorValue=0.073813
errorValue=0.071896
errorValue=0.072485
errorValue=0.074410
errorValue=0.074221
errorValue=0.068237
errorValue=0.055497
errorValue=0.036227
errorValue=0.011844
errorValue=-0.016579
errorValue=-0.050021
errorValue=-0.084848
errorValue=-0.119731
errorValue=-0.154023
errorValue=-0.187668
errorValue=-0.217180
errorValue=-0.239496
errorValue=-0.251687
errorValue=-0.255830
errorValue=-0.254787
errorValue=-0.255430
errorValue=-0.256062
errorValue=-0.259241
errorValue=-0.266769
errorValue=-0.282117
errorValue=-0.306258
errorValue=-0.334803
errorValue=-0.362369
errorValue=-0.389630
errorValue=-0.426498
errorValue=-0.468504
errorValue=-0.509376
errorValue=-0.553000
errorValue=-0.594011
errorValue=-0.635015
errorValue=-0.672228
errorValue=-0.705333
errorValue=-0.731624
errorValue=-0.754574
errorValue=-0.775100
errorValue=-0.793240
errorValue=-0.808730
errorValue=-0.823338
errorValue=-0.841298
errorValue=-0.863782
errorValue=-0.887734
errorValue=-0.913008
errorValue=-0.947588
errorValue=-0.980449
errorValue=-1.009222
errorValue=-1.041470
errorValue=-1.072102
errorValue=-1.099798
errorValue=-1.122227
errorValue=-1.140395
errorValue=-1.153460
errorValue=-1.162295
errorValue=-1.166255
errorValue=-1.167950
errorValue=-1.167954
errorValue=-1.169347
errorValue=-1.174587
errorValue=-1.180687
errorValue=-1.189386
errorValue=-1.201524
errorValue=-1.216418
errorValue=-1.232203
errorValue=-1.248822
errorValue=-1.265643
errorValue=-1.281116
errorValue=-1.293794
errorValue=-1.304328
errorValue=-1.308420
errorValue=-1.306149
errorValue=-1.299581
errorValue=-1.289752
errorValue=-1.279339
errorValue=-1.268617
errorValue=-1.261127
errorValue=-1.256991
errorValue=-1.257870
errorValue=-1.261305
errorValue=-1.268599
errorValue=-1.279585
errorValue=-1.292524
errorValue=-1.306892
errorValue=-1.319131
errorValue=-1.327989
errorValue=-1.331357
errorValue=-1.328758
errorValue=-1.317894
errorValue=-1.298819
errorValue=-1.274766
errorValue=-1.247623
errorValue=-1.219948
errorValue=-1.193062
errorValue=-1.170441
errorValue=-1.153924
errorValue=-1.143549
errorValue=-1.139239
errorValue=-1.138523
errorValue=-1.140694
errorValue=-1.145153
errorValue=-1.151945
errorValue=-1.160183
errorValue=-1.165942
errorValue=-1.169562
errorValue=-1.166608
errorValue=-1.157710
errorValue=-1.144168
errorValue=-1.123743
errorValue=-1.098045
errorValue=-1.069975
errorValue=-1.040399
errorValue=-1.010177
errorValue=-0.981288
errorValue=-0.953961
errorValue=-0.930012
errorValue=-0.906494
errorValue=-0.885239
errorValue=-0.870656
errorValue=-0.859031
errorValue=-0.846138
errorValue=-0.837808
errorValue=-0.830481
errorValue=-0.821183
errorValue=-0.812131
errorValue=-0.798330
errorValue=-0.782289
errorValue=-0.762675
errorValue=-0.738438
errorValue=-0.709426
errorValue=-0.674836
errorValue=-0.636962
errorValue=-0.600419
errorValue=-0.563666
errorValue=-0.524471
errorValue=-0.484433
errorValue=-0.446320
errorValue=-0.412026
errorValue=-0.385355
errorValue=-0.356697
errorValue=-0.324699
errorValue=-0.291427
errorValue=-0.267943
errorValue=-0.245294
errorValue=-0.219904
errorValue=-0.190076
errorValue=-0.155856
errorValue=-0.127372
errorValue=-0.094719
errorValue=-0.057635
errorValue=-0.015878
errorValue=0.023288
errorValue=0.056615
errorValue=0.092813
errorValue=0.131681
errorValue=0.168723
errorValue=0.198415
errorValue=0.224301
errorValue=0.253953
errorValue=0.289535
errorValue=0.323517
errorValue=0.349991
errorValue=0.376705
errorValue=0.409127
errorValue=0.445476
errorValue=0.478638
errorValue=0.510239
errorValue=0.539350
errorValue=0.569530
errorValue=0.594395
errorValue=0.616544
errorValue=0.640198
errorValue=0.658996
errorValue=0.674627
errorValue=0.688824
errorValue=0.702880
errorValue=0.713029
errorValue=0.720431
errorValue=0.727641
errorValue=0.735446
errorValue=0.740733
errorValue=0.745463
errorValue=0.754119
errorValue=0.761456
errorValue=0.767436
errorValue=0.771928
errorValue=0.773518
errorValue=0.774064
errorValue=0.773977
errorValue=0.772731
errorValue=0.770335
errorValue=0.766967
errorValue=0.763810
errorValue=0.761274
errorValue=0.759355
errorValue=0.757192
errorValue=0.755675
errorValue=0.753373
errorValue=0.749258
errorValue=0.744955
errorValue=0.738975
errorValue=0.730554
errorValue=0.720221
errorValue=0.707779
errorValue=0.694382
errorValue=0.680039
errorValue=0.665514
errorValue=0.650051
errorValue=0.633732
errorValue=0.615379
errorValue=0.596543
errorValue=0.576500
errorValue=0.559202
errorValue=0.542150
errorValue=0.522257
errorValue=0.499892
errorValue=0.477094
errorValue=0.458053
errorValue=0.441671
errorValue=0.422739
errorValue=0.400610
errorValue=0.376098
errorValue=0.356435
errorValue=0.338965
errorValue=0.319842
errorValue=0.295395
errorValue=0.270098
errorValue=0.248093
errorValue=0.228831
errorValue=0.207029
errorValue=0.181296
errorValue=0.157381
errorValue=0.136941
errorValue=0.117402
errorValue=0.094971
errorValue=0.069834
errorValue=0.045859
errorValue=0.026818
errorValue=0.010570
errorValue=-0.011536
errorValue=-0.032801
errorValue=-0.052154
errorValue=-0.067941
errorValue=-0.084016
errorValue=-0.103144
errorValue=-0.121450
errorValue=-0.137916
errorValue=-0.152588
errorValue=-0.170918
errorValue=-0.194946
errorValue=-0.220501
errorValue=-0.246378
errorValue=-0.272297
errorValue=-0.300262
errorValue=-0.332966
errorValue=-0.365522
errorValue=-0.396589
errorValue=-0.426670
errorValue=-0.454107
errorValue=-0.481819
errorValue=-0.506720
errorValue=-0.528737
errorValue=-0.547902
errorValue=-0.566373
errorValue=-0.582486
errorValue=-0.595259
errorValue=-0.608991
errorValue=-0.629488
errorValue=-0.656382
errorValue=-0.688387
errorValue=-0.723700
errorValue=-0.769295
errorValue=-0.818062
errorValue=-0.869920
errorValue=-0.921299
errorValue=-0.979480
errorValue=-1.035062
errorValue=-1.090161
errorValue=-1.139953
errorValue=-1.182578
errorValue=-1.216592
errorValue=-1.242312
errorValue=-1.260298
errorValue=-1.274039
errorValue=-1.286911
errorValue=-1.302626
errorValue=-1.323147
errorValue=-1.347889
errorValue=-1.376951
errorValue=-1.412816
errorValue=-1.450822
errorValue=-1.491368
errorValue=-1.532519
errorValue=-1.575241
errorValue=-1.619385
errorValue=-1.662774
errorValue=-1.702064
errorValue=-1.734084
errorValue=-1.759084
errorValue=-1.774514
errorValue=-1.782174
errorValue=-1.782888
errorValue=-1.779248
errorValue=-1.773770
errorValue=-1.770474
errorValue=-1.767762
errorValue=-1.768460
errorValue=-1.773294
errorValue=-1.781754
errorValue=-1.791883
errorValue=-1.802580
errorValue=-1.814505
errorValue=-1.826456
errorValue=-1.836799
errorValue=-1.846874
errorValue=-1.854589
errorValue=-1.859064
errorValue=-1.861624
errorValue=-1.862469
errorValue=-1.861729
errorValue=-1.859993
errorValue=-1.857503
errorValue=-1.855363
errorValue=-1.853121
errorValue=-1.851413
errorValue=-1.851414
errorValue=-1.851276
errorValue=-1.851599
errorValue=-1.852718
errorValue=-1.854020
errorValue=-1.854692
errorValue=-1.854113
errorValue=-1.851370
errorValue=-1.845950
errorValue=-1.837242
errorValue=-1.826361
errorValue=-1.813405
errorValue=-1.800039
errorValue=-1.787066
errorValue=-1.774750
errorValue=-1.764407
errorValue=-1.754844
errorValue=-1.748012
errorValue=-1.742869
errorValue=-1.737915
errorValue=-1.733709
errorValue=-1.729849
errorValue=-1.726493
errorValue=-1.722037
errorValue=-1.715954
errorValue=-1.707970
errorValue=-1.697608
errorValue=-1.684456
errorValue=-1.668677
errorValue=-1.649977
errorValue=-1.628922
errorValue=-1.607337
errorValue=-1.585061
errorValue=-1.562666
errorValue=-1.540775
errorValue=-1.519427
errorValue=-1.499627
errorValue=-1.482562
errorValue=-1.467478
errorValue=-1.453481
errorValue=-1.442719
errorValue=-1.432715
errorValue=-1.423721
errorValue=-1.414518
errorValue=-1.405112
errorValue=-1.394370
errorValue=-1.382610
errorValue=-1.369792
errorValue=-1.354511
errorValue=-1.336759
errorValue=-1.316485
errorValue=-1.295541
errorValue=-1.273265
errorValue=-1.251200
errorValue=-1.229406
errorValue=-1.207516
errorValue=-1.187711
errorValue=-1.168426
errorValue=-1.150466
errorValue=-1.133099
errorValue=-1.116542
errorValue=-1.100284
errorValue=-1.085326
errorValue=-1.070061
errorValue=-1.053444
errorValue=-1.034839
errorValue=-1.013215
errorValue=-0.989298
errorValue=-0.962413
errorValue=-0.933638
errorValue=-0.900968
errorValue=-0.867099
errorValue=-0.835770
errorValue=-0.803866
errorValue=-0.773504
errorValue=-0.746684
errorValue=-0.721553
errorValue=-0.697568
errorValue=-0.680512
errorValue=-0.666742
errorValue=-0.650715
errorValue=-0.635801
errorValue=-0.620484
errorValue=-0.602459
errorValue=-0.577761
errorValue=-0.547660
errorValue=-0.509071
errorValue=-0.463553
errorValue=-0.411531
errorValue=-0.353276
errorValue=-0.293884
errorValue=-0.235346
errorValue=-0.179658
errorValue=-0.126367
errorValue=-0.076417
errorValue=-0.030928
errorValue=0.005899
errorValue=0.041740
errorValue=0.079407
errorValue=0.120836
errorValue=0.170393
errorValue=0.223375
errorValue=0.288748
errorValue=0.365849
errorValue=0.453696
errorValue=0.548827
errorValue=0.647919
errorValue=0.750571
errorValue=0.851741
errorValue=0.947895
errorValue=1.034608
errorValue=1.109418
errorValue=1.170813
errorValue=1.217265
errorValue=1.248461
errorValue=1.269169
errorValue=1.284220
errorValue=1.295858
errorValue=1.312795
errorValue=1.335941
errorValue=1.371682
errorValue=1.415652
errorValue=1.465873
errorValue=1.523532
errorValue=1.581989
errorValue=1.639134
errorValue=1.692025
errorValue=1.738580
errorValue=1.776877
errorValue=1.808460
errorValue=1.831600
errorValue=1.846558
errorValue=1.854965
errorValue=1.858893
errorValue=1.863752
errorValue=1.870964
errorValue=1.885889
errorValue=1.909217
errorValue=1.943853
errorValue=1.986380
errorValue=2.034441
errorValue=2.087681
errorValue=2.139543
errorValue=2.191467
errorValue=2.238995
errorValue=2.283671
errorValue=2.324026
errorValue=2.360686
errorValue=2.394682
errorValue=2.426981
errorValue=2.460095
errorValue=2.495765
errorValue=2.538070
errorValue=2.589162
errorValue=2.654429
errorValue=2.731193
errorValue=2.817790
errorValue=2.915013
errorValue=3.016941
errorValue=3.128257
errorValue=-3.041698
errorValue=-2.922861
errorValue=-2.810617
errorValue=-2.706763
errorValue=-2.615806
errorValue=-2.528970
errorValue=-2.442835
errorValue=-2.356474
errorValue=-2.264503
errorValue=-2.172268
errorValue=-2.079026
errorValue=-1.989962
errorValue=-1.903127
errorValue=-1.812861
errorValue=-1.721646
errorValue=-1.628888
errorValue=-1.538470
errorValue=-1.451128
errorValue=-1.373871
errorValue=-1.308528
errorValue=-1.260562
errorValue=-1.228698
errorValue=-1.210085
errorValue=-1.200607
errorValue=-1.194950
errorValue=-1.189186
errorValue=-1.180210
errorValue=-1.167823
errorValue=-1.149661
errorValue=-1.127524
errorValue=-1.101546
errorValue=-1.072347
errorValue=-1.039531
errorValue=-1.005221
errorValue=-0.969310
errorValue=-0.935183
errorValue=-0.905052
errorValue=-0.880634
errorValue=-0.866335
errorValue=-0.864416
errorValue=-0.867406
errorValue=-0.873503
errorValue=-0.889908
errorValue=-0.912424
errorValue=-0.933678
errorValue=-0.957289
errorValue=-0.984579
errorValue=-1.009465
errorValue=-1.032799
errorValue=-1.056568
errorValue=-1.077947
errorValue=-1.096288
errorValue=-1.114950
errorValue=-1.135143
errorValue=-1.155166
errorValue=-1.180915
errorValue=-1.210586
errorValue=-1.247257
errorValue=-1.293880
errorValue=-1.345988
errorValue=-1.403457
errorValue=-1.461617
errorValue=-1.520707
errorValue=-1.578306
errorValue=-1.633873
errorValue=-1.686463
errorValue=-1.732090
errorValue=-1.771306
errorValue=-1.805056
errorValue=-1.833624
errorValue=-1.855646
errorValue=-1.872879
errorValue=-1.888549
errorValue=-1.901730
errorValue=-1.916675
errorValue=-1.932333
errorValue=-1.948656
errorValue=-1.966742
errorValue=-1.986861
errorValue=-2.007562
errorValue=-2.028062
errorValue=-2.047507
errorValue=-2.064163
errorValue=-2.077994
errorValue=-2.087454
errorValue=-2.091739
errorValue=-2.090008
errorValue=-2.083894
errorValue=-2.075995
errorValue=-2.066616
errorValue=-2.057632
errorValue=-2.049951
errorValue=-2.044950
errorValue=-2.044454
errorValue=-2.046544
errorValue=-2.052000
errorValue=-2.061276
errorValue=-2.071276
errorValue=-2.082625
errorValue=-2.090706
errorValue=-2.095199
errorValue=-2.095119
errorValue=-2.090424
errorValue=-2.078699
errorValue=-2.061031
errorValue=-2.038154
errorValue=-2.010343
errorValue=-1.980301
errorValue=-1.949943
errorValue=-1.922052
errorValue=-1.899167
errorValue=-1.883182
errorValue=-1.874044
errorValue=-1.871493
errorValue=-1.873625
errorValue=-1.879572
errorValue=-1.887828
errorValue=-1.896633
errorValue=-1.905220
errorValue=-1.910616
errorValue=-1.911906
errorValue=-1.907985
errorValue=-1.898375
errorValue=-1.883284
errorValue=-1.862045
errorValue=-1.837604
errorValue=-1.809981
errorValue=-1.781559
errorValue=-1.753094
errorValue=-1.725930
errorValue=-1.701877
errorValue=-1.680595
errorValue=-1.663436
errorValue=-1.649638
errorValue=-1.640406
errorValue=-1.633436
errorValue=-1.628866
errorValue=-1.625616
errorValue=-1.623531
errorValue=-1.620980
errorValue=-1.617782
errorValue=-1.612236
errorValue=-1.604057
errorValue=-1.592799
errorValue=-1.578245
errorValue=-1.561147
errorValue=-1.541766
errorValue=-1.520482
errorValue=-1.498842
errorValue=-1.477098
errorValue=-1.456290
errorValue=-1.437157
errorValue=-1.420345
errorValue=-1.404448
errorValue=-1.390389
errorValue=-1.377799
errorValue=-1.366199
errorValue=-1.355165
errorValue=-1.342285
errorValue=-1.329147
errorValue=-1.314301
errorValue=-1.298567
errorValue=-1.280976
errorValue=-1.262086
errorValue=-1.241026
errorValue=-1.218439
errorValue=-1.195181
errorValue=-1.171133
errorValue=-1.148649
errorValue=-1.126029
errorValue=-1.105018
errorValue=-1.084988
errorValue=-1.068053
errorValue=-1.051941
errorValue=-1.036442
errorValue=-1.021402
errorValue=-1.005127
errorValue=-0.987903
errorValue=-0.968977
errorValue=-0.948004
errorValue=-0.923394
errorValue=-0.895104
errorValue=-0.862710
errorValue=-0.826530
errorValue=-0.790216
errorValue=-0.754805
errorValue=-0.717804
errorValue=-0.678863
errorValue=-0.643260
errorValue=-0.619495
errorValue=-0.602173
errorValue=-0.584434
errorValue=-0.564940
errorValue=-0.551546
errorValue=-0.545327
errorValue=-0.536129
errorValue=-0.523505
errorValue=-0.508739
errorValue=-0.489671
errorValue=-0.464695
errorValue=-0.436094
errorValue=-0.404062
errorValue=-0.367558
errorValue=-0.324096
errorValue=-0.275977
errorValue=-0.226451
errorValue=-0.177479
errorValue=-0.127338
errorValue=-0.075658
errorValue=-0.026700
errorValue=0.018848
errorValue=0.061865
errorValue=0.104268
errorValue=0.143235
errorValue=0.175054
errorValue=0.205084
errorValue=0.238463
errorValue=0.278567
errorValue=0.321943
errorValue=0.368803
errorValue=0.423348
errorValue=0.489078
errorValue=0.558762
errorValue=0.628521
errorValue=0.703964
errorValue=0.780779
errorValue=0.858853
errorValue=0.936219
errorValue=1.011642
errorValue=1.083174
errorValue=1.149980
errorValue=1.210061
errorValue=1.267046
errorValue=1.318514
errorValue=1.365608
errorValue=1.414032
errorValue=1.461970
errorValue=1.510185
errorValue=1.559932
errorValue=1.609873
errorValue=1.662321
errorValue=1.714316
errorValue=1.767128
errorValue=1.816283
errorValue=1.863332
errorValue=1.906452
errorValue=1.946413
errorValue=1.982358
errorValue=2.014967
errorValue=2.047556
errorValue=2.079456
errorValue=2.114114
errorValue=2.150431
errorValue=2.190452
errorValue=2.231838
errorValue=2.276586
errorValue=2.320643
errorValue=2.363540
errorValue=2.406107
errorValue=2.446506
errorValue=2.486123
errorValue=2.524086
errorValue=2.560570
errorValue=2.595577
errorValue=2.628841
errorValue=2.663750
errorValue=2.699375
errorValue=2.738656
errorValue=2.778968
errorValue=2.823969
errorValue=2.870235
errorValue=2.919390
errorValue=2.968911
errorValue=3.018051
errorValue=3.067898
errorValue=3.116098
errorValue=-3.118560
errorValue=-3.071504
errorValue=-3.028479
errorValue=-2.993627
errorValue=-2.957712
errorValue=-2.914745
errorValue=-2.866524
errorValue=-2.815730
errorValue=-2.757967
errorValue=-2.696308
errorValue=-2.633552
errorValue=-2.567958
errorValue=-2.498082
errorValue=-2.423339
errorValue=-2.347445
errorValue=-2.272797
errorValue=-2.201339
errorValue=-2.130148
errorValue=-2.060327
errorValue=-1.996281
errorValue=-1.948202
errorValue=-1.906395
errorValue=-1.869285
errorValue=-1.837978
errorValue=-1.811768
errorValue=-1.786605
errorValue=-1.762801
errorValue=-1.736851
errorValue=-1.709508
errorValue=-1.678731
errorValue=-1.645211
errorValue=-1.609883
errorValue=-1.572535
errorValue=-1.535487
errorValue=-1.499584
errorValue=-1.467640
errorValue=-1.441510
errorValue=-1.422042
errorValue=-1.409981
errorValue=-1.405399
errorValue=-1.408019
errorValue=-1.417062
errorValue=-1.431142
errorValue=-1.448501
errorValue=-1.468334
errorValue=-1.490126
errorValue=-1.512816
errorValue=-1.536178
errorValue=-1.559501
errorValue=-1.578769
errorValue=-1.596150
errorValue=-1.610537
errorValue=-1.624439
errorValue=-1.640052
errorValue=-1.657478
errorValue=-1.680948
errorValue=-1.709829
errorValue=-1.746257
errorValue=-1.785852
errorValue=-1.828278
errorValue=-1.872795
errorValue=-1.916136
errorValue=-1.959662
errorValue=-2.004136
errorValue=-2.050019
errorValue=-2.092609
errorValue=-2.133920
errorValue=-2.172121
errorValue=-2.205574
errorValue=-2.233071
errorValue=-2.253383
errorValue=-2.266482
errorValue=-2.274024
errorValue=-2.277404
errorValue=-2.276123
errorValue=-2.274893
errorValue=-2.274012
errorValue=-2.274510
errorValue=-2.275522
errorValue=-2.276833
errorValue=-2.279723
errorValue=-2.281787
errorValue=-2.283355
errorValue=-2.285372
errorValue=-2.286352
errorValue=-2.287004
errorValue=-2.287424
errorValue=-2.286323
errorValue=-2.282963
errorValue=-2.277148
errorValue=-2.268727
errorValue=-2.258449
errorValue=-2.247280
errorValue=-2.235152
errorValue=-2.222622
errorValue=-2.210623
errorValue=-2.199635
errorValue=-2.189215
errorValue=-2.178974
errorValue=-2.169078
errorValue=-2.158752
errorValue=-2.149684
errorValue=-2.139064
errorValue=-2.127954
errorValue=-2.116253
errorValue=-2.104613
errorValue=-2.093786
errorValue=-2.083713
errorValue=-2.075025
errorValue=-2.067364
errorValue=-2.060854
errorValue=-2.054831
errorValue=-2.049400
errorValue=-2.043207
errorValue=-2.037580
errorValue=-2.031696
errorValue=-2.024401
errorValue=-2.015010
errorValue=-2.001921
errorValue=-1.987003
errorValue=-1.969562
errorValue=-1.951017
errorValue=-1.930217
errorValue=-1.909590
errorValue=-1.888334
errorValue=-1.866966
errorValue=-1.846327
errorValue=-1.826960
errorValue=-1.809676
errorValue=-1.794649
errorValue=-1.783829
errorValue=-1.776701
errorValue=-1.771195
errorValue=-1.767154
errorValue=-1.763169
errorValue=-1.759807
errorValue=-1.754651
errorValue=-1.747793
errorValue=-1.738099
errorValue=-1.725273
errorValue=-1.709442
errorValue=-1.690423
errorValue=-1.668033
errorValue=-1.643095
errorValue=-1.617388
errorValue=-1.590639
errorValue=-1.564331
errorValue=-1.537461
errorValue=-1.511346
errorValue=-1.485663
errorValue=-1.461100
errorValue=-1.438508
errorValue=-1.417086
errorValue=-1.397498
errorValue=-1.378538
errorValue=-1.361575
errorValue=-1.345908
errorValue=-1.330899
errorValue=-1.316667
errorValue=-1.301292
errorValue=-1.285229
errorValue=-1.267734
errorValue=-1.248826
errorValue=-1.228559
errorValue=-1.207104
errorValue=-1.183701
errorValue=-1.158779
errorValue=-1.133822
errorValue=-1.106680
errorValue=-1.079592
errorValue=-1.051453
errorValue=-1.021732
errorValue=-0.991137
errorValue=-0.959637
errorValue=-0.927256
errorValue=-0.891755
errorValue=-0.858241
errorValue=-0.828777
errorValue=-0.796932
errorValue=-0.760692
errorValue=-0.726503
errorValue=-0.703580
errorValue=-0.682344
errorValue=-0.657256
errorValue=-0.631098
errorValue=-0.614615
errorValue=-0.602216
errorValue=-0.588627
errorValue=-0.573192
errorValue=-0.559257
errorValue=-0.554365
errorValue=-0.547674
errorValue=-0.537483
errorValue=-0.526814
errorValue=-0.514471
errorValue=-0.495938
errorValue=-0.474292
errorValue=-0.447398
errorValue=-0.414540
errorValue=-0.375017
errorValue=-0.332661
errorValue=-0.288739
errorValue=-0.242925
errorValue=-0.193655
errorValue=-0.144659
errorValue=-0.098364
errorValue=-0.055967
errorValue=-0.016275
errorValue=0.021407
errorValue=0.056206
errorValue=0.087814
errorValue=0.116757
errorValue=0.144858
errorValue=0.177535
errorValue=0.216103
errorValue=0.258375
errorValue=0.305177
errorValue=0.360654
errorValue=0.428082
errorValue=0.499258
errorValue=0.574011
errorValue=0.651521
errorValue=0.731461
errorValue=0.813369
errorValue=0.895028
errorValue=0.97
dispatcher gotIP
debug flags are 0
1.119270
errorValue=1.179016
errorValue=1.226850
errorValue=1.265872
errorValue=1.299997
errorValue=1.328481
errorValue=1.355032
errorValue=1.382972
errorValue=1.413613
errorValue=1.452474
errorValue=1.494248
errorValue=1.541869
errorValue=1.590614
errorValue=1.638635
errorValue=1.689827
errorValue=1.739981
errorValue=1.789967
errorValue=1.835654
errorValue=1.877989
errorValue=1.915057
errorValue=1.948893
errorValue=1.978045
errorValue=2.003804
errorValue=2.026065
errorValue=2.047630
errorValue=2.070520
errorValue=2.094701
errorValue=2.122386
errorValue=2.151780
errorValue=2.184277
errorValue=2.218012
errorValue=2.252440
errorValue=2.286969
errorValue=2.320723
errorValue=2.354495
errorValue=2.385346
errorValue=2.415305
errorValue=2.442132
errorValue=2.467169
errorValue=2.488477
errorValue=2.508267
errorValue=2.529964
errorValue=2.553472
errorValue=2.580496
errorValue=2.609625
errorValue=2.642757
errorValue=2.677200
errorValue=2.713131
errorValue=2.751103
errorValue=2.789971
errorValue=2.829598
errorValue=2.867345
errorValue=2.903687
errorValue=2.936458
errorValue=2.964149
errorValue=2.986977
errorValue=3.005126
errorValue=3.019820
errorValue=3.031896
errorValue=3.041960
errorValue=3.052893
errorValue=3.064765
errorValue=3.079551
errorValue=3.097796
errorValue=3.120007
errorValue=-3.137908
errorValue=-3.111296
errorValue=-3.086708
errorValue=-3.066416
errorValue=-3.041998
errorValue=-3.010994
errorValue=-2.977952
errorValue=-2.946611
errorValue=-2.912137
errorValue=-2.872714
errorValue=-2.832106
errorValue=-2.788395
errorValue=-2.740467
errorValue=-2.688268
errorValue=-2.634430
errorValue=-2.577840
errorValue=-2.518766
errorValue=-2.463166
errorValue=-2.409988
errorValue=-2.361992
errorValue=-2.320183
errorValue=-2.287366
errorValue=-2.261544
errorValue=-2.241824
errorValue=-2.223708
errorValue=-2.203925
errorValue=-2.180665
errorValue=-2.153903
errorValue=-2.122901
errorValue=-2.089237
errorValue=-2.053585
errorValue=-2.014320
errorValue=-1.972376
errorValue=-1.926849
errorValue=-1.879956
errorValue=-1.831517
errorValue=-1.781457
errorValue=-1.732744
errorValue=-1.687708
errorValue=-1.646353
errorValue=-1.609211
errorValue=-1.577609
errorValue=-1.551331
errorValue=-1.528781
errorValue=-1.509407
errorValue=-1.492190
errorValue=-1.475205
errorValue=-1.457234
errorValue=-1.436311
errorValue=-1.412634
errorValue=-1.387606
errorValue=-1.361709
errorValue=-1.335294